{"/home/dexter/Projects/wolbodo/members/src/lib/format.ts": {"path":"/home/dexter/Projects/wolbodo/members/src/lib/format.ts","all":false,"statementMap":{"0":{"start":{"line":1,"column":0},"end":{"line":1,"column":43}},"1":{"start":{"line":2,"column":0},"end":{"line":2,"column":0}},"2":{"start":{"line":3,"column":0},"end":{"line":3,"column":30}},"3":{"start":{"line":4,"column":0},"end":{"line":4,"column":0}},"4":{"start":{"line":5,"column":0},"end":{"line":5,"column":41}},"5":{"start":{"line":6,"column":0},"end":{"line":6,"column":35}},"6":{"start":{"line":7,"column":0},"end":{"line":7,"column":10}},"7":{"start":{"line":8,"column":0},"end":{"line":8,"column":26}},"8":{"start":{"line":9,"column":0},"end":{"line":9,"column":48}},"9":{"start":{"line":10,"column":0},"end":{"line":10,"column":13}},"10":{"start":{"line":11,"column":0},"end":{"line":11,"column":1}},"11":{"start":{"line":12,"column":0},"end":{"line":12,"column":0}},"12":{"start":{"line":13,"column":0},"end":{"line":13,"column":0}},"13":{"start":{"line":14,"column":0},"end":{"line":14,"column":83}}},"s":{"0":1,"1":1,"2":1,"3":1,"4":2,"5":2,"6":2,"7":1,"8":1,"9":1,"10":1,"11":1,"12":1,"13":1},"branchMap":{"0":{"type":"branch","line":5,"loc":{"start":{"line":5,"column":-1},"end":{"line":7,"column":10}},"locations":[{"start":{"line":5,"column":-1},"end":{"line":7,"column":10}}]},"1":{"type":"branch","line":7,"loc":{"start":{"line":7,"column":0},"end":{"line":7,"column":10}},"locations":[{"start":{"line":7,"column":0},"end":{"line":7,"column":10}}]},"2":{"type":"branch","line":9,"loc":{"start":{"line":9,"column":26},"end":{"line":9,"column":48}},"locations":[{"start":{"line":9,"column":26},"end":{"line":9,"column":48}}]}},"b":{"0":[2],"1":[2],"2":[2]},"fnMap":{"0":{"name":"datetime","decl":{"start":{"line":5,"column":-1},"end":{"line":7,"column":10}},"loc":{"start":{"line":5,"column":-1},"end":{"line":7,"column":10}},"line":5},"1":{"name":"get","decl":{"start":{"line":7,"column":0},"end":{"line":7,"column":10}},"loc":{"start":{"line":7,"column":0},"end":{"line":7,"column":10}},"line":7},"2":{"name":"formatDate","decl":{"start":{"line":9,"column":26},"end":{"line":9,"column":48}},"loc":{"start":{"line":9,"column":26},"end":{"line":9,"column":48}},"line":9}},"f":{"0":2,"1":2,"2":2}}
,"/home/dexter/Projects/wolbodo/members/src/lib/jwt.ts": {"path":"/home/dexter/Projects/wolbodo/members/src/lib/jwt.ts","all":false,"statementMap":{"0":{"start":{"line":1,"column":0},"end":{"line":1,"column":68}},"1":{"start":{"line":2,"column":0},"end":{"line":2,"column":31}},"2":{"start":{"line":3,"column":0},"end":{"line":3,"column":0}},"3":{"start":{"line":4,"column":0},"end":{"line":4,"column":20}},"4":{"start":{"line":5,"column":0},"end":{"line":5,"column":15}},"5":{"start":{"line":6,"column":0},"end":{"line":6,"column":14}},"6":{"start":{"line":7,"column":0},"end":{"line":7,"column":12}},"7":{"start":{"line":8,"column":0},"end":{"line":8,"column":17}},"8":{"start":{"line":9,"column":0},"end":{"line":9,"column":13}},"9":{"start":{"line":10,"column":0},"end":{"line":10,"column":13}},"10":{"start":{"line":11,"column":0},"end":{"line":11,"column":13}},"11":{"start":{"line":12,"column":0},"end":{"line":12,"column":13}},"12":{"start":{"line":13,"column":0},"end":{"line":13,"column":2}},"13":{"start":{"line":14,"column":0},"end":{"line":14,"column":0}},"14":{"start":{"line":15,"column":0},"end":{"line":15,"column":66}},"15":{"start":{"line":16,"column":0},"end":{"line":16,"column":49}},"16":{"start":{"line":17,"column":0},"end":{"line":17,"column":0}},"17":{"start":{"line":18,"column":0},"end":{"line":18,"column":28}},"18":{"start":{"line":19,"column":0},"end":{"line":19,"column":20}},"19":{"start":{"line":20,"column":0},"end":{"line":20,"column":75}},"20":{"start":{"line":21,"column":0},"end":{"line":21,"column":11}},"21":{"start":{"line":22,"column":0},"end":{"line":22,"column":33}},"22":{"start":{"line":23,"column":0},"end":{"line":23,"column":10}},"23":{"start":{"line":24,"column":0},"end":{"line":24,"column":12}},"24":{"start":{"line":25,"column":0},"end":{"line":25,"column":9}},"25":{"start":{"line":26,"column":0},"end":{"line":26,"column":12}},"26":{"start":{"line":27,"column":0},"end":{"line":27,"column":4}},"27":{"start":{"line":28,"column":0},"end":{"line":28,"column":1}},"28":{"start":{"line":29,"column":0},"end":{"line":29,"column":0}},"29":{"start":{"line":30,"column":0},"end":{"line":30,"column":56}},"30":{"start":{"line":31,"column":0},"end":{"line":31,"column":41}},"31":{"start":{"line":32,"column":0},"end":{"line":32,"column":1}},"32":{"start":{"line":33,"column":0},"end":{"line":33,"column":0}},"33":{"start":{"line":34,"column":0},"end":{"line":34,"column":72}},"34":{"start":{"line":35,"column":0},"end":{"line":35,"column":55}},"35":{"start":{"line":36,"column":0},"end":{"line":36,"column":1}},"36":{"start":{"line":37,"column":0},"end":{"line":37,"column":0}},"37":{"start":{"line":38,"column":0},"end":{"line":38,"column":81}},"38":{"start":{"line":39,"column":0},"end":{"line":39,"column":20}},"39":{"start":{"line":40,"column":0},"end":{"line":40,"column":3}},"40":{"start":{"line":41,"column":0},"end":{"line":41,"column":21}},"41":{"start":{"line":42,"column":0},"end":{"line":42,"column":18}},"42":{"start":{"line":43,"column":0},"end":{"line":43,"column":16}},"43":{"start":{"line":44,"column":0},"end":{"line":44,"column":4}},"44":{"start":{"line":45,"column":0},"end":{"line":45,"column":3}},"45":{"start":{"line":46,"column":0},"end":{"line":46,"column":16}},"46":{"start":{"line":47,"column":0},"end":{"line":47,"column":3}},"47":{"start":{"line":48,"column":0},"end":{"line":48,"column":3}},"48":{"start":{"line":49,"column":0},"end":{"line":49,"column":1}}},"s":{"0":1,"1":1,"2":1,"3":1,"4":1,"5":1,"6":1,"7":1,"8":1,"9":1,"10":1,"11":1,"12":1,"13":1,"14":1,"15":1,"16":1,"17":1,"18":1,"19":1,"20":1,"21":1,"22":1,"23":3,"24":3,"25":3,"26":3,"27":3,"28":3,"29":3,"30":3,"31":3,"32":3,"33":3,"34":3,"35":3,"36":3,"37":3,"38":1,"39":1,"40":1,"41":1,"42":1,"43":2,"44":2,"45":2,"46":1,"47":1,"48":1},"branchMap":{"0":{"type":"branch","line":23,"loc":{"start":{"line":23,"column":7},"end":{"line":38,"column":81}},"locations":[{"start":{"line":23,"column":7},"end":{"line":38,"column":81}}]},"1":{"type":"branch","line":38,"loc":{"start":{"line":38,"column":0},"end":{"line":38,"column":81}},"locations":[{"start":{"line":38,"column":0},"end":{"line":38,"column":81}}]},"2":{"type":"branch","line":41,"loc":{"start":{"line":41,"column":-1},"end":{"line":42,"column":18}},"locations":[{"start":{"line":41,"column":-1},"end":{"line":42,"column":18}}]},"3":{"type":"branch","line":42,"loc":{"start":{"line":42,"column":0},"end":{"line":42,"column":18}},"locations":[{"start":{"line":42,"column":0},"end":{"line":42,"column":18}}]},"4":{"type":"branch","line":44,"loc":{"start":{"line":44,"column":0},"end":{"line":46,"column":16}},"locations":[{"start":{"line":44,"column":0},"end":{"line":46,"column":16}}]},"5":{"type":"branch","line":46,"loc":{"start":{"line":46,"column":0},"end":{"line":46,"column":16}},"locations":[{"start":{"line":46,"column":0},"end":{"line":46,"column":16}}]}},"b":{"0":[3],"1":[3],"2":[1],"3":[1],"4":[2],"5":[2]},"fnMap":{"0":{"name":"createToken","decl":{"start":{"line":23,"column":7},"end":{"line":38,"column":81}},"loc":{"start":{"line":23,"column":7},"end":{"line":38,"column":81}},"line":23},"1":{"name":"get","decl":{"start":{"line":38,"column":0},"end":{"line":38,"column":81}},"loc":{"start":{"line":38,"column":0},"end":{"line":38,"column":81}},"line":38},"2":{"name":"parseToken","decl":{"start":{"line":41,"column":-1},"end":{"line":42,"column":18}},"loc":{"start":{"line":41,"column":-1},"end":{"line":42,"column":18}},"line":41},"3":{"name":"get","decl":{"start":{"line":42,"column":0},"end":{"line":42,"column":18}},"loc":{"start":{"line":42,"column":0},"end":{"line":42,"column":18}},"line":42},"4":{"name":"verifyToken","decl":{"start":{"line":44,"column":0},"end":{"line":46,"column":16}},"loc":{"start":{"line":44,"column":0},"end":{"line":46,"column":16}},"line":44},"5":{"name":"get","decl":{"start":{"line":46,"column":0},"end":{"line":46,"column":16}},"loc":{"start":{"line":46,"column":0},"end":{"line":46,"column":16}},"line":46}},"f":{"0":3,"1":3,"2":1,"3":1,"4":2,"5":2}}
}
